Building DAG of jobs...
Using shell: /bin/bash
Provided cores: 6
Rules claiming more threads will be scaled down.
Job stats:
job              count    min threads    max threads
-------------  -------  -------------  -------------
align                8              1              1
all                  1              1              1
ancestral            8              1              1
cleavage_site        1              1              1
export               8              1              1
filter               8              1              1
parse                8              1              1
refine               8              1              1
traits               8              1              1
translate            8              1              1
tree                 8              1              1
total               74              1              1

Select jobs to execute...

[Mon May  1 04:07:37 2023]
Job 52: Parsing fasta into sequences and metadata
Reason: Updated input files: h3nx_seg_filtered_and_integrated/h3nx_pa.fa


        augur parse             --sequences h3nx_seg_filtered_and_integrated/h3nx_pa.fa             --output-sequences results/sequences_h3nx_pa.fasta             --output-metadata results/metadata_h3nx_pa.tsv             --fields strain accession subtype date host country species region             --prettify-fields country host region
        

[Mon May  1 04:07:37 2023]
Job 43: Parsing fasta into sequences and metadata
Reason: Updated input files: h3nx_seg_filtered_and_integrated/h3nx_np.fa


        augur parse             --sequences h3nx_seg_filtered_and_integrated/h3nx_np.fa             --output-sequences results/sequences_h3nx_np.fasta             --output-metadata results/metadata_h3nx_np.tsv             --fields strain accession subtype date host country species region             --prettify-fields country host region
        

[Mon May  1 04:07:37 2023]
Job 34: Parsing fasta into sequences and metadata
Reason: Updated input files: h3nx_seg_filtered_and_integrated/h3nx_na.fa


        augur parse             --sequences h3nx_seg_filtered_and_integrated/h3nx_na.fa             --output-sequences results/sequences_h3nx_na.fasta             --output-metadata results/metadata_h3nx_na.tsv             --fields strain accession subtype date host country species region             --prettify-fields country host region
        

[Mon May  1 04:07:37 2023]
Job 6: Parsing fasta into sequences and metadata
Reason: Updated input files: h3nx_seg_filtered_and_integrated/h3nx_ha.fa


        augur parse             --sequences h3nx_seg_filtered_and_integrated/h3nx_ha.fa             --output-sequences results/sequences_h3nx_ha.fasta             --output-metadata results/metadata_h3nx_ha.tsv             --fields strain accession subtype date host country species region             --prettify-fields country host region
        

[Mon May  1 04:07:37 2023]
Job 25: Parsing fasta into sequences and metadata
Reason: Updated input files: h3nx_seg_filtered_and_integrated/h3nx_pb1.fa


        augur parse             --sequences h3nx_seg_filtered_and_integrated/h3nx_pb1.fa             --output-sequences results/sequences_h3nx_pb1.fasta             --output-metadata results/metadata_h3nx_pb1.tsv             --fields strain accession subtype date host country species region             --prettify-fields country host region
        

[Mon May  1 04:07:37 2023]
Job 16: Parsing fasta into sequences and metadata
Reason: Updated input files: h3nx_seg_filtered_and_integrated/h3nx_pb2.fa


        augur parse             --sequences h3nx_seg_filtered_and_integrated/h3nx_pb2.fa             --output-sequences results/sequences_h3nx_pb2.fasta             --output-metadata results/metadata_h3nx_pb2.tsv             --fields strain accession subtype date host country species region             --prettify-fields country host region
        
[Mon May  1 04:07:40 2023]
Finished job 43.
1 of 74 steps (1%) done
Select jobs to execute...

[Mon May  1 04:07:40 2023]
Job 42: 
        Filtering to
          - 10 sequence(s) per year country host subtype region
          - excluding strains in config/dropped_strains_h3nx.txt
          - samples with missing region and country metadata
          - excluding strains prior to 1997
        
Reason: Input files updated by another job: results/metadata_h3nx_np.tsv, results/sequences_h3nx_np.fasta


        augur filter             --sequences results/sequences_h3nx_np.fasta             --metadata results/metadata_h3nx_np.tsv             --exclude config/dropped_strains_h3nx.txt             --include config/include_strains_h3nx.txt             --output results/filtered_h3nx_np.fasta             --group-by year country host subtype region             --sequences-per-group 10             --min-date 1997             --exclude-where host=laboratoryderived host=ferret host=unknown host=other country=? subtype=HH host=animal             --min-length 1400             --non-nucleotide
        
[Mon May  1 04:07:41 2023]
Finished job 34.
2 of 74 steps (3%) done
Select jobs to execute...

[Mon May  1 04:07:41 2023]
Job 33: 
        Filtering to
          - 10 sequence(s) per year country host subtype region
          - excluding strains in config/dropped_strains_h3nx.txt
          - samples with missing region and country metadata
          - excluding strains prior to 1997
        
Reason: Input files updated by another job: results/sequences_h3nx_na.fasta, results/metadata_h3nx_na.tsv


        augur filter             --sequences results/sequences_h3nx_na.fasta             --metadata results/metadata_h3nx_na.tsv             --exclude config/dropped_strains_h3nx.txt             --include config/include_strains_h3nx.txt             --output results/filtered_h3nx_na.fasta             --group-by year country host subtype region             --sequences-per-group 10             --min-date 1997             --exclude-where host=laboratoryderived host=ferret host=unknown host=other country=? subtype=HH host=animal             --min-length 1270             --non-nucleotide
        
[Mon May  1 04:07:41 2023]
Finished job 25.
3 of 74 steps (4%) done
Select jobs to execute...

[Mon May  1 04:07:41 2023]
Job 24: 
        Filtering to
          - 10 sequence(s) per year country host subtype region
          - excluding strains in config/dropped_strains_h3nx.txt
          - samples with missing region and country metadata
          - excluding strains prior to 1997
        
Reason: Input files updated by another job: results/metadata_h3nx_pb1.tsv, results/sequences_h3nx_pb1.fasta


        augur filter             --sequences results/sequences_h3nx_pb1.fasta             --metadata results/metadata_h3nx_pb1.tsv             --exclude config/dropped_strains_h3nx.txt             --include config/include_strains_h3nx.txt             --output results/filtered_h3nx_pb1.fasta             --group-by year country host subtype region             --sequences-per-group 10             --min-date 1997             --exclude-where host=laboratoryderived host=ferret host=unknown host=other country=? subtype=HH host=animal             --min-length 2100             --non-nucleotide
        
[Mon May  1 04:07:41 2023]
Finished job 52.
4 of 74 steps (5%) done
Select jobs to execute...

[Mon May  1 04:07:41 2023]
Job 51: 
        Filtering to
          - 10 sequence(s) per year country host subtype region
          - excluding strains in config/dropped_strains_h3nx.txt
          - samples with missing region and country metadata
          - excluding strains prior to 1997
        
Reason: Input files updated by another job: results/sequences_h3nx_pa.fasta, results/metadata_h3nx_pa.tsv


        augur filter             --sequences results/sequences_h3nx_pa.fasta             --metadata results/metadata_h3nx_pa.tsv             --exclude config/dropped_strains_h3nx.txt             --include config/include_strains_h3nx.txt             --output results/filtered_h3nx_pa.fasta             --group-by year country host subtype region             --sequences-per-group 10             --min-date 1997             --exclude-where host=laboratoryderived host=ferret host=unknown host=other country=? subtype=HH host=animal             --min-length 2000             --non-nucleotide
        
[Mon May  1 04:07:41 2023]
Finished job 16.
5 of 74 steps (7%) done
Select jobs to execute...

[Mon May  1 04:07:41 2023]
Job 15: 
        Filtering to
          - 10 sequence(s) per year country host subtype region
          - excluding strains in config/dropped_strains_h3nx.txt
          - samples with missing region and country metadata
          - excluding strains prior to 1997
        
Reason: Input files updated by another job: results/sequences_h3nx_pb2.fasta, results/metadata_h3nx_pb2.tsv


        augur filter             --sequences results/sequences_h3nx_pb2.fasta             --metadata results/metadata_h3nx_pb2.tsv             --exclude config/dropped_strains_h3nx.txt             --include config/include_strains_h3nx.txt             --output results/filtered_h3nx_pb2.fasta             --group-by year country host subtype region             --sequences-per-group 10             --min-date 1997             --exclude-where host=laboratoryderived host=ferret host=unknown host=other country=? subtype=HH host=animal             --min-length 2100             --non-nucleotide
        
[Mon May  1 04:07:42 2023]
Finished job 6.
6 of 74 steps (8%) done
Select jobs to execute...

[Mon May  1 04:07:42 2023]
Job 5: 
        Filtering to
          - 10 sequence(s) per year country host subtype region
          - excluding strains in config/dropped_strains_h3nx.txt
          - samples with missing region and country metadata
          - excluding strains prior to 1997
        
Reason: Input files updated by another job: results/sequences_h3nx_ha.fasta, results/metadata_h3nx_ha.tsv


        augur filter             --sequences results/sequences_h3nx_ha.fasta             --metadata results/metadata_h3nx_ha.tsv             --exclude config/dropped_strains_h3nx.txt             --include config/include_strains_h3nx.txt             --output results/filtered_h3nx_ha.fasta             --group-by year country host subtype region             --sequences-per-group 10             --min-date 1997             --exclude-where host=laboratoryderived host=ferret host=unknown host=other country=? subtype=HH host=animal             --min-length 1600             --non-nucleotide
        
[Mon May  1 04:07:42 2023]
Finished job 42.
7 of 74 steps (9%) done
Select jobs to execute...

[Mon May  1 04:07:42 2023]
Job 70: Parsing fasta into sequences and metadata
Reason: Updated input files: h3nx_seg_filtered_and_integrated/h3nx_mp.fa


        augur parse             --sequences h3nx_seg_filtered_and_integrated/h3nx_mp.fa             --output-sequences results/sequences_h3nx_mp.fasta             --output-metadata results/metadata_h3nx_mp.tsv             --fields strain accession subtype date host country species region             --prettify-fields country host region
        
[Mon May  1 04:07:44 2023]
Finished job 33.
8 of 74 steps (11%) done
Select jobs to execute...

[Mon May  1 04:07:44 2023]
Job 61: Parsing fasta into sequences and metadata
Reason: Updated input files: h3nx_seg_filtered_and_integrated/h3nx_ns.fa


        augur parse             --sequences h3nx_seg_filtered_and_integrated/h3nx_ns.fa             --output-sequences results/sequences_h3nx_ns.fasta             --output-metadata results/metadata_h3nx_ns.tsv             --fields strain accession subtype date host country species region             --prettify-fields country host region
        
[Mon May  1 04:07:44 2023]
Finished job 24.
9 of 74 steps (12%) done
Select jobs to execute...

[Mon May  1 04:07:44 2023]
Job 23: 
        Aligning sequences to config/references/h3nx_pb1.gb
          - filling gaps with N
        
Reason: Input files updated by another job: results/filtered_h3nx_pb1.fasta


        augur align             --sequences results/filtered_h3nx_pb1.fasta             --reference-sequence config/references/h3nx_pb1.gb             --output results/aligned_h3nx_pb1.fasta             --remove-reference             --nthreads 1
        
[Mon May  1 04:07:44 2023]
Finished job 51.
10 of 74 steps (14%) done
Select jobs to execute...

[Mon May  1 04:07:44 2023]
Job 50: 
        Aligning sequences to config/references/h3nx_pa.gb
          - filling gaps with N
        
Reason: Input files updated by another job: results/filtered_h3nx_pa.fasta


        augur align             --sequences results/filtered_h3nx_pa.fasta             --reference-sequence config/references/h3nx_pa.gb             --output results/aligned_h3nx_pa.fasta             --remove-reference             --nthreads 1
        
[Mon May  1 04:07:44 2023]
Finished job 15.
11 of 74 steps (15%) done
Select jobs to execute...

[Mon May  1 04:07:44 2023]
Job 14: 
        Aligning sequences to config/references/h3nx_pb2.gb
          - filling gaps with N
        
Reason: Input files updated by another job: results/filtered_h3nx_pb2.fasta


        augur align             --sequences results/filtered_h3nx_pb2.fasta             --reference-sequence config/references/h3nx_pb2.gb             --output results/aligned_h3nx_pb2.fasta             --remove-reference             --nthreads 1
        
[Mon May  1 04:07:45 2023]
Finished job 70.
12 of 74 steps (16%) done
Select jobs to execute...

[Mon May  1 04:07:45 2023]
Job 69: 
        Filtering to
          - 10 sequence(s) per year country host subtype region
          - excluding strains in config/dropped_strains_h3nx.txt
          - samples with missing region and country metadata
          - excluding strains prior to 1997
        
Reason: Input files updated by another job: results/metadata_h3nx_mp.tsv, results/sequences_h3nx_mp.fasta


        augur filter             --sequences results/sequences_h3nx_mp.fasta             --metadata results/metadata_h3nx_mp.tsv             --exclude config/dropped_strains_h3nx.txt             --include config/include_strains_h3nx.txt             --output results/filtered_h3nx_mp.fasta             --group-by year country host subtype region             --sequences-per-group 10             --min-date 1997             --exclude-where host=laboratoryderived host=ferret host=unknown host=other country=? subtype=HH host=animal             --min-length 900             --non-nucleotide
        
[Mon May  1 04:07:45 2023]
Finished job 5.
13 of 74 steps (18%) done
Select jobs to execute...

[Mon May  1 04:07:45 2023]
Job 4: 
        Aligning sequences to config/references/h3nx_ha.gb
          - filling gaps with N
        
Reason: Input files updated by another job: results/filtered_h3nx_ha.fasta


        augur align             --sequences results/filtered_h3nx_ha.fasta             --reference-sequence config/references/h3nx_ha.gb             --output results/aligned_h3nx_ha.fasta             --remove-reference             --nthreads 1
        
[Mon May  1 04:07:46 2023]
Finished job 61.
14 of 74 steps (19%) done
Select jobs to execute...

[Mon May  1 04:07:46 2023]
Job 60: 
        Filtering to
          - 10 sequence(s) per year country host subtype region
          - excluding strains in config/dropped_strains_h3nx.txt
          - samples with missing region and country metadata
          - excluding strains prior to 1997
        
Reason: Input files updated by another job: results/metadata_h3nx_ns.tsv, results/sequences_h3nx_ns.fasta


        augur filter             --sequences results/sequences_h3nx_ns.fasta             --metadata results/metadata_h3nx_ns.tsv             --exclude config/dropped_strains_h3nx.txt             --include config/include_strains_h3nx.txt             --output results/filtered_h3nx_ns.fasta             --group-by year country host subtype region             --sequences-per-group 10             --min-date 1997             --exclude-where host=laboratoryderived host=ferret host=unknown host=other country=? subtype=HH host=animal             --min-length 800             --non-nucleotide
        
[Mon May  1 04:07:47 2023]
Finished job 69.
15 of 74 steps (20%) done
Select jobs to execute...

[Mon May  1 04:07:47 2023]
Job 32: 
        Aligning sequences to config/references/h3nx_na.gb
          - filling gaps with N
        
Reason: Input files updated by another job: results/filtered_h3nx_na.fasta


        augur align             --sequences results/filtered_h3nx_na.fasta             --reference-sequence config/references/h3nx_na.gb             --output results/aligned_h3nx_na.fasta             --remove-reference             --nthreads 1
        
[Mon May  1 04:07:48 2023]
Finished job 60.
16 of 74 steps (22%) done
Select jobs to execute...

[Mon May  1 04:07:48 2023]
Job 41: 
        Aligning sequences to config/references/h3nx_np.gb
          - filling gaps with N
        
Reason: Input files updated by another job: results/filtered_h3nx_np.fasta


        augur align             --sequences results/filtered_h3nx_np.fasta             --reference-sequence config/references/h3nx_np.gb             --output results/aligned_h3nx_np.fasta             --remove-reference             --nthreads 1
        
[Mon May  1 04:16:00 2023]
Finished job 41.
17 of 74 steps (23%) done
Select jobs to execute...

[Mon May  1 04:16:00 2023]
Job 40: Building tree
Reason: Input files updated by another job: results/aligned_h3nx_np.fasta


        augur tree             --alignment results/aligned_h3nx_np.fasta             --output results/tree-raw_h3nx_np.nwk             --method iqtree             --nthreads 1
        
[Mon May  1 04:16:51 2023]
Finished job 32.
18 of 74 steps (24%) done
Select jobs to execute...

[Mon May  1 04:16:51 2023]
Job 31: Building tree
Reason: Input files updated by another job: results/aligned_h3nx_na.fasta


        augur tree             --alignment results/aligned_h3nx_na.fasta             --output results/tree-raw_h3nx_na.nwk             --method iqtree             --nthreads 1
        
[Mon May  1 04:18:40 2023]
Finished job 14.
19 of 74 steps (26%) done
Select jobs to execute...

[Mon May  1 04:18:40 2023]
Job 13: Building tree
Reason: Input files updated by another job: results/aligned_h3nx_pb2.fasta


        augur tree             --alignment results/aligned_h3nx_pb2.fasta             --output results/tree-raw_h3nx_pb2.nwk             --method iqtree             --nthreads 1
        
[Mon May  1 04:18:49 2023]
Finished job 50.
20 of 74 steps (27%) done
Select jobs to execute...

[Mon May  1 04:18:49 2023]
Job 49: Building tree
Reason: Input files updated by another job: results/aligned_h3nx_pa.fasta


        augur tree             --alignment results/aligned_h3nx_pa.fasta             --output results/tree-raw_h3nx_pa.nwk             --method iqtree             --nthreads 1
        
[Mon May  1 04:19:14 2023]
Finished job 23.
21 of 74 steps (28%) done
Select jobs to execute...

[Mon May  1 04:19:14 2023]
Job 22: Building tree
Reason: Input files updated by another job: results/aligned_h3nx_pb1.fasta


        augur tree             --alignment results/aligned_h3nx_pb1.fasta             --output results/tree-raw_h3nx_pb1.nwk             --method iqtree             --nthreads 1
        
[Mon May  1 04:19:24 2023]
Finished job 4.
22 of 74 steps (30%) done
Select jobs to execute...

[Mon May  1 04:19:24 2023]
Job 10: determining sequences that harbor furin cleavage sites
Reason: Input files updated by another job: results/aligned_h3nx_ha.fasta


        python scripts/annotate-ha-cleavage-site.py             --alignment results/aligned_h3nx_ha.fasta             --furin_site_motif results/cleavage-site_h3nx_ha.json             --cleavage_site_sequence results/cleavage-site-sequences_h3nx_ha.json
        
[Mon May  1 04:19:25 2023]
Finished job 10.
23 of 74 steps (31%) done
Select jobs to execute...

[Mon May  1 04:19:25 2023]
Job 3: Building tree
Reason: Input files updated by another job: results/aligned_h3nx_ha.fasta


        augur tree             --alignment results/aligned_h3nx_ha.fasta             --output results/tree-raw_h3nx_ha.nwk             --method iqtree             --nthreads 1
        
[Mon May  1 04:33:23 2023]
Finished job 40.
24 of 74 steps (32%) done
Select jobs to execute...

[Mon May  1 04:33:23 2023]
Job 39: 
        Refining tree
          - estimate timetree
          - use const coalescent timescale
          - estimate marginal node dates
        
Reason: Input files updated by another job: results/aligned_h3nx_np.fasta, results/metadata_h3nx_np.tsv, results/tree-raw_h3nx_np.nwk


        augur refine             --tree results/tree-raw_h3nx_np.nwk             --alignment results/aligned_h3nx_np.fasta             --metadata results/metadata_h3nx_np.tsv             --output-tree results/tree_h3nx_np.nwk             --output-node-data results/branch-lengths_h3nx_np.json             --timetree             --coalescent const             --date-confidence             --date-inference marginal             --clock-filter-iqd 4
        
[Mon May  1 19:34:30 2023]
Finished job 13.
25 of 74 steps (34%) done
Select jobs to execute...

[Mon May  1 19:34:30 2023]
Job 12: 
        Refining tree
          - estimate timetree
          - use const coalescent timescale
          - estimate marginal node dates
        
Reason: Input files updated by another job: results/metadata_h3nx_pb2.tsv, results/aligned_h3nx_pb2.fasta, results/tree-raw_h3nx_pb2.nwk


        augur refine             --tree results/tree-raw_h3nx_pb2.nwk             --alignment results/aligned_h3nx_pb2.fasta             --metadata results/metadata_h3nx_pb2.tsv             --output-tree results/tree_h3nx_pb2.nwk             --output-node-data results/branch-lengths_h3nx_pb2.json             --timetree             --coalescent const             --date-confidence             --date-inference marginal             --clock-filter-iqd 4
        
[Mon May  1 19:34:49 2023]
Finished job 49.
26 of 74 steps (35%) done
Select jobs to execute...

[Mon May  1 19:34:49 2023]
Job 48: 
        Refining tree
          - estimate timetree
          - use const coalescent timescale
          - estimate marginal node dates
        
Reason: Input files updated by another job: results/tree-raw_h3nx_pa.nwk, results/metadata_h3nx_pa.tsv, results/aligned_h3nx_pa.fasta


        augur refine             --tree results/tree-raw_h3nx_pa.nwk             --alignment results/aligned_h3nx_pa.fasta             --metadata results/metadata_h3nx_pa.tsv             --output-tree results/tree_h3nx_pa.nwk             --output-node-data results/branch-lengths_h3nx_pa.json             --timetree             --coalescent const             --date-confidence             --date-inference marginal             --clock-filter-iqd 4
        
[Mon May  1 19:34:52 2023]
Finished job 39.
27 of 74 steps (36%) done
Select jobs to execute...

[Mon May  1 19:34:52 2023]
Job 45: Reconstructing ancestral sequences and mutations
Reason: Input files updated by another job: results/tree_h3nx_np.nwk, results/aligned_h3nx_np.fasta


        augur ancestral             --tree results/tree_h3nx_np.nwk             --alignment results/aligned_h3nx_np.fasta             --output-node-data results/nt-muts_h3nx_np.json             --inference joint            --keep-ambiguous
        
[Mon May  1 19:35:00 2023]
Finished job 45.
28 of 74 steps (38%) done
Select jobs to execute...

[Mon May  1 19:35:00 2023]
Job 46: Translating amino acid sequences
Reason: Input files updated by another job: results/tree_h3nx_np.nwk, results/nt-muts_h3nx_np.json


        augur translate             --tree results/tree_h3nx_np.nwk             --ancestral-sequences results/nt-muts_h3nx_np.json             --reference-sequence config/references/h3nx_np.gb             --output results/aa-muts_h3nx_np.json
        
[Mon May  1 19:35:02 2023]
Finished job 46.
29 of 74 steps (39%) done
Select jobs to execute...

[Mon May  1 19:35:02 2023]
Job 68: 
        Aligning sequences to config/references/h3nx_mp.gb
          - filling gaps with N
        
Reason: Input files updated by another job: results/filtered_h3nx_mp.fasta


        augur align             --sequences results/filtered_h3nx_mp.fasta             --reference-sequence config/references/h3nx_mp.gb             --output results/aligned_h3nx_mp.fasta             --remove-reference             --nthreads 1
        
[Mon May  1 19:35:03 2023]
Finished job 22.
30 of 74 steps (41%) done
Select jobs to execute...

[Mon May  1 19:35:03 2023]
Job 21: 
        Refining tree
          - estimate timetree
          - use const coalescent timescale
          - estimate marginal node dates
        
Reason: Input files updated by another job: results/metadata_h3nx_pb1.tsv, results/aligned_h3nx_pb1.fasta, results/tree-raw_h3nx_pb1.nwk


        augur refine             --tree results/tree-raw_h3nx_pb1.nwk             --alignment results/aligned_h3nx_pb1.fasta             --metadata results/metadata_h3nx_pb1.tsv             --output-tree results/tree_h3nx_pb1.nwk             --output-node-data results/branch-lengths_h3nx_pb1.json             --timetree             --coalescent const             --date-confidence             --date-inference marginal             --clock-filter-iqd 4
        
[Mon May  1 19:35:55 2023]
Finished job 31.
31 of 74 steps (42%) done
Select jobs to execute...

[Mon May  1 19:35:55 2023]
Job 30: 
        Refining tree
          - estimate timetree
          - use const coalescent timescale
          - estimate marginal node dates
        
Reason: Input files updated by another job: results/aligned_h3nx_na.fasta, results/tree-raw_h3nx_na.nwk, results/metadata_h3nx_na.tsv


        augur refine             --tree results/tree-raw_h3nx_na.nwk             --alignment results/aligned_h3nx_na.fasta             --metadata results/metadata_h3nx_na.tsv             --output-tree results/tree_h3nx_na.nwk             --output-node-data results/branch-lengths_h3nx_na.json             --timetree             --coalescent const             --date-confidence             --date-inference marginal             --clock-filter-iqd 4
        
[Mon May  1 19:40:05 2023]
Finished job 3.
32 of 74 steps (43%) done
Select jobs to execute...

[Mon May  1 19:40:05 2023]
Job 2: 
        Refining tree
          - estimate timetree
          - use const coalescent timescale
          - estimate marginal node dates
        
Reason: Input files updated by another job: results/aligned_h3nx_ha.fasta, results/metadata_h3nx_ha.tsv, results/tree-raw_h3nx_ha.nwk


        augur refine             --tree results/tree-raw_h3nx_ha.nwk             --alignment results/aligned_h3nx_ha.fasta             --metadata results/metadata_h3nx_ha.tsv             --output-tree results/tree_h3nx_ha.nwk             --output-node-data results/branch-lengths_h3nx_ha.json             --timetree             --coalescent const             --date-confidence             --date-inference marginal             --clock-filter-iqd 4
        
[Mon May  1 19:40:12 2023]
Finished job 12.
33 of 74 steps (45%) done
Select jobs to execute...

[Mon May  1 19:40:12 2023]
Job 18: Reconstructing ancestral sequences and mutations
Reason: Input files updated by another job: results/aligned_h3nx_pb2.fasta, results/tree_h3nx_pb2.nwk


        augur ancestral             --tree results/tree_h3nx_pb2.nwk             --alignment results/aligned_h3nx_pb2.fasta             --output-node-data results/nt-muts_h3nx_pb2.json             --inference joint            --keep-ambiguous
        
[Mon May  1 19:40:23 2023]
Finished job 18.
34 of 74 steps (46%) done
Select jobs to execute...

[Mon May  1 19:40:23 2023]
Job 19: Translating amino acid sequences
Reason: Input files updated by another job: results/nt-muts_h3nx_pb2.json, results/tree_h3nx_pb2.nwk


        augur translate             --tree results/tree_h3nx_pb2.nwk             --ancestral-sequences results/nt-muts_h3nx_pb2.json             --reference-sequence config/references/h3nx_pb2.gb             --output results/aa-muts_h3nx_pb2.json
        
[Mon May  1 19:40:25 2023]
Finished job 19.
35 of 74 steps (47%) done
Select jobs to execute...

[Mon May  1 19:40:25 2023]
Job 59: 
        Aligning sequences to config/references/h3nx_ns.gb
          - filling gaps with N
        
Reason: Input files updated by another job: results/filtered_h3nx_ns.fasta


        augur align             --sequences results/filtered_h3nx_ns.fasta             --reference-sequence config/references/h3nx_ns.gb             --output results/aligned_h3nx_ns.fasta             --remove-reference             --nthreads 1
        
[Mon May  1 19:40:54 2023]
Finished job 68.
36 of 74 steps (49%) done
Select jobs to execute...

[Mon May  1 19:40:54 2023]
Job 67: Building tree
Reason: Input files updated by another job: results/aligned_h3nx_mp.fasta


        augur tree             --alignment results/aligned_h3nx_mp.fasta             --output results/tree-raw_h3nx_mp.nwk             --method iqtree             --nthreads 1
        
[Mon May  1 19:41:23 2023]
Finished job 21.
37 of 74 steps (50%) done
Select jobs to execute...

[Mon May  1 19:41:23 2023]
Job 27: Reconstructing ancestral sequences and mutations
Reason: Input files updated by another job: results/tree_h3nx_pb1.nwk, results/aligned_h3nx_pb1.fasta


        augur ancestral             --tree results/tree_h3nx_pb1.nwk             --alignment results/aligned_h3nx_pb1.fasta             --output-node-data results/nt-muts_h3nx_pb1.json             --inference joint            --keep-ambiguous
        
[Mon May  1 19:41:34 2023]
Finished job 27.
38 of 74 steps (51%) done
Select jobs to execute...

[Mon May  1 19:41:34 2023]
Job 28: Translating amino acid sequences
Reason: Input files updated by another job: results/tree_h3nx_pb1.nwk, results/nt-muts_h3nx_pb1.json


        augur translate             --tree results/tree_h3nx_pb1.nwk             --ancestral-sequences results/nt-muts_h3nx_pb1.json             --reference-sequence config/references/h3nx_pb1.gb             --output results/aa-muts_h3nx_pb1.json
        
[Mon May  1 19:41:37 2023]
Finished job 28.
39 of 74 steps (53%) done
Select jobs to execute...

[Mon May  1 19:41:37 2023]
Job 44: Inferring ancestral traits for host country region
Reason: Input files updated by another job: results/tree_h3nx_np.nwk, results/metadata_h3nx_np.tsv


        augur traits             --tree results/tree_h3nx_np.nwk             --metadata results/metadata_h3nx_np.tsv             --output results/traits_h3nx_np.json             --columns host country region             --confidence
        
[Mon May  1 19:42:21 2023]
Finished job 48.
40 of 74 steps (54%) done
Select jobs to execute...

[Mon May  1 19:42:21 2023]
Job 54: Reconstructing ancestral sequences and mutations
Reason: Input files updated by another job: results/tree_h3nx_pa.nwk, results/aligned_h3nx_pa.fasta


        augur ancestral             --tree results/tree_h3nx_pa.nwk             --alignment results/aligned_h3nx_pa.fasta             --output-node-data results/nt-muts_h3nx_pa.json             --inference joint            --keep-ambiguous
        
[Mon May  1 19:42:24 2023]
Finished job 44.
41 of 74 steps (55%) done
Select jobs to execute...

[Mon May  1 19:42:24 2023]
Job 38: Exporting data files for for auspice
Reason: Input files updated by another job: results/traits_h3nx_np.json, results/tree_h3nx_np.nwk, results/aa-muts_h3nx_np.json, results/nt-muts_h3nx_np.json, results/metadata_h3nx_np.tsv, results/branch-lengths_h3nx_np.json


        augur export v2             --tree results/tree_h3nx_np.nwk             --metadata results/metadata_h3nx_np.tsv             --node-data results/branch-lengths_h3nx_np.json results/traits_h3nx_np.json results/nt-muts_h3nx_np.json results/aa-muts_h3nx_np.json            --auspice-config config/auspice_config_h3nx.json             --include-root-sequence             --output auspice/nonhuman_influenza_h3nx_np.json
        
[Mon May  1 19:42:32 2023]
Finished job 38.
42 of 74 steps (57%) done
Select jobs to execute...

[Mon May  1 19:42:32 2023]
Job 53: Inferring ancestral traits for host country region
Reason: Input files updated by another job: results/metadata_h3nx_pa.tsv, results/tree_h3nx_pa.nwk


        augur traits             --tree results/tree_h3nx_pa.nwk             --metadata results/metadata_h3nx_pa.tsv             --output results/traits_h3nx_pa.json             --columns host country region             --confidence
        
[Mon May  1 19:42:33 2023]
Finished job 54.
43 of 74 steps (58%) done
Select jobs to execute...

[Mon May  1 19:42:33 2023]
Job 55: Translating amino acid sequences
Reason: Input files updated by another job: results/tree_h3nx_pa.nwk, results/nt-muts_h3nx_pa.json


        augur translate             --tree results/tree_h3nx_pa.nwk             --ancestral-sequences results/nt-muts_h3nx_pa.json             --reference-sequence config/references/h3nx_pa.gb             --output results/aa-muts_h3nx_pa.json
        
[Mon May  1 19:42:35 2023]
Finished job 55.
44 of 74 steps (59%) done
Select jobs to execute...

[Mon May  1 19:42:35 2023]
Job 26: Inferring ancestral traits for host country region
Reason: Input files updated by another job: results/metadata_h3nx_pb1.tsv, results/tree_h3nx_pb1.nwk


        augur traits             --tree results/tree_h3nx_pb1.nwk             --metadata results/metadata_h3nx_pb1.tsv             --output results/traits_h3nx_pb1.json             --columns host country region             --confidence
        
[Mon May  1 19:43:08 2023]
Finished job 30.
45 of 74 steps (61%) done
Select jobs to execute...

[Mon May  1 19:43:08 2023]
Job 36: Reconstructing ancestral sequences and mutations
Reason: Input files updated by another job: results/tree_h3nx_na.nwk, results/aligned_h3nx_na.fasta


        augur ancestral             --tree results/tree_h3nx_na.nwk             --alignment results/aligned_h3nx_na.fasta             --output-node-data results/nt-muts_h3nx_na.json             --inference joint            --keep-ambiguous
        
[Mon May  1 19:43:17 2023]
Finished job 36.
46 of 74 steps (62%) done
Select jobs to execute...

[Mon May  1 19:43:17 2023]
Job 37: Translating amino acid sequences
Reason: Input files updated by another job: results/tree_h3nx_na.nwk, results/nt-muts_h3nx_na.json


        augur translate             --tree results/tree_h3nx_na.nwk             --ancestral-sequences results/nt-muts_h3nx_na.json             --reference-sequence config/references/h3nx_na.gb             --output results/aa-muts_h3nx_na.json
        
[Mon May  1 19:43:18 2023]
Finished job 26.
47 of 74 steps (64%) done
Select jobs to execute...

[Mon May  1 19:43:18 2023]
Job 20: Exporting data files for for auspice
Reason: Input files updated by another job: results/aa-muts_h3nx_pb1.json, results/nt-muts_h3nx_pb1.json, results/metadata_h3nx_pb1.tsv, results/tree_h3nx_pb1.nwk, results/branch-lengths_h3nx_pb1.json, results/traits_h3nx_pb1.json


        augur export v2             --tree results/tree_h3nx_pb1.nwk             --metadata results/metadata_h3nx_pb1.tsv             --node-data results/branch-lengths_h3nx_pb1.json results/traits_h3nx_pb1.json results/nt-muts_h3nx_pb1.json results/aa-muts_h3nx_pb1.json            --auspice-config config/auspice_config_h3nx.json             --include-root-sequence             --output auspice/nonhuman_influenza_h3nx_pb1.json
        
[Mon May  1 19:43:19 2023]
Finished job 53.
48 of 74 steps (65%) done
Select jobs to execute...

[Mon May  1 19:43:19 2023]
Job 47: Exporting data files for for auspice
Reason: Input files updated by another job: results/metadata_h3nx_pa.tsv, results/aa-muts_h3nx_pa.json, results/traits_h3nx_pa.json, results/tree_h3nx_pa.nwk, results/branch-lengths_h3nx_pa.json, results/nt-muts_h3nx_pa.json


        augur export v2             --tree results/tree_h3nx_pa.nwk             --metadata results/metadata_h3nx_pa.tsv             --node-data results/branch-lengths_h3nx_pa.json results/traits_h3nx_pa.json results/nt-muts_h3nx_pa.json results/aa-muts_h3nx_pa.json            --auspice-config config/auspice_config_h3nx.json             --include-root-sequence             --output auspice/nonhuman_influenza_h3nx_pa.json
        
[Mon May  1 19:43:20 2023]
Finished job 37.
49 of 74 steps (66%) done
Select jobs to execute...

[Mon May  1 19:43:20 2023]
Job 35: Inferring ancestral traits for host country region
Reason: Input files updated by another job: results/tree_h3nx_na.nwk, results/metadata_h3nx_na.tsv


        augur traits             --tree results/tree_h3nx_na.nwk             --metadata results/metadata_h3nx_na.tsv             --output results/traits_h3nx_na.json             --columns host country region             --confidence
        
[Mon May  1 19:43:27 2023]
Finished job 20.
50 of 74 steps (68%) done
Select jobs to execute...

[Mon May  1 19:43:27 2023]
Job 17: Inferring ancestral traits for host country region
Reason: Input files updated by another job: results/metadata_h3nx_pb2.tsv, results/tree_h3nx_pb2.nwk


        augur traits             --tree results/tree_h3nx_pb2.nwk             --metadata results/metadata_h3nx_pb2.tsv             --output results/traits_h3nx_pb2.json             --columns host country region             --confidence
        
[Mon May  1 19:43:29 2023]
Finished job 47.
51 of 74 steps (69%) done
[Mon May  1 19:44:07 2023]
Finished job 17.
52 of 74 steps (70%) done
Select jobs to execute...

[Mon May  1 19:44:07 2023]
Job 11: Exporting data files for for auspice
Reason: Input files updated by another job: results/branch-lengths_h3nx_pb2.json, results/metadata_h3nx_pb2.tsv, results/nt-muts_h3nx_pb2.json, results/aa-muts_h3nx_pb2.json, results/tree_h3nx_pb2.nwk, results/traits_h3nx_pb2.json


        augur export v2             --tree results/tree_h3nx_pb2.nwk             --metadata results/metadata_h3nx_pb2.tsv             --node-data results/branch-lengths_h3nx_pb2.json results/traits_h3nx_pb2.json results/nt-muts_h3nx_pb2.json results/aa-muts_h3nx_pb2.json            --auspice-config config/auspice_config_h3nx.json             --include-root-sequence             --output auspice/nonhuman_influenza_h3nx_pb2.json
        
[Mon May  1 19:44:14 2023]
Finished job 11.
53 of 74 steps (72%) done
[Mon May  1 19:44:44 2023]
Finished job 35.
54 of 74 steps (73%) done
Select jobs to execute...

[Mon May  1 19:44:44 2023]
Job 29: Exporting data files for for auspice
Reason: Input files updated by another job: results/aa-muts_h3nx_na.json, results/traits_h3nx_na.json, results/branch-lengths_h3nx_na.json, results/nt-muts_h3nx_na.json, results/metadata_h3nx_na.tsv, results/tree_h3nx_na.nwk


        augur export v2             --tree results/tree_h3nx_na.nwk             --metadata results/metadata_h3nx_na.tsv             --node-data results/branch-lengths_h3nx_na.json results/traits_h3nx_na.json results/nt-muts_h3nx_na.json results/aa-muts_h3nx_na.json            --auspice-config config/auspice_config_h3nx.json             --include-root-sequence             --output auspice/nonhuman_influenza_h3nx_na.json
        
[Mon May  1 19:44:52 2023]
Finished job 29.
55 of 74 steps (74%) done
[Mon May  1 19:45:29 2023]
Finished job 59.
56 of 74 steps (76%) done
Select jobs to execute...

[Mon May  1 19:45:29 2023]
Job 58: Building tree
Reason: Input files updated by another job: results/aligned_h3nx_ns.fasta


        augur tree             --alignment results/aligned_h3nx_ns.fasta             --output results/tree-raw_h3nx_ns.nwk             --method iqtree             --nthreads 1
        
