Building DAG of jobs...
Using shell: /bin/bash
Provided cores: 6
Rules claiming more threads will be scaled down.
Job stats:
job              count    min threads    max threads
-------------  -------  -------------  -------------
align                8              1              1
all                  1              1              1
ancestral            8              1              1
cleavage_site        1              1              1
export               8              1              1
filter               8              1              1
refine               8              1              1
traits               8              1              1
translate            8              1              1
tree                 8              1              1
total               66              1              1

Select jobs to execute...

[Tue Apr 18 15:25:12 2023]
Job 5: 
        Filtering to
          - 5 sequence(s) per year country host subtype
          - excluding strains in config/dropped_strains_h3nx.txt
          - samples with missing region and country metadata
          - excluding strains prior to 1997
        
Reason: Updated input files: config/dropped_strains_h3nx.txt


        augur filter             --sequences results/sequences_h3nx_ha.fasta             --metadata results/metadata_h3nx_ha.tsv             --exclude config/dropped_strains_h3nx.txt             --include config/include_strains_h3nx.txt             --output results/filtered_h3nx_ha.fasta             --group-by year country host subtype             --sequences-per-group 5             --min-date 1997             --exclude-where host=laboratoryderived host=ferret host=unknown host=other country=? region=?             --min-length 1600             --non-nucleotide
        

[Tue Apr 18 15:25:12 2023]
Job 33: 
        Filtering to
          - 5 sequence(s) per year country host subtype
          - excluding strains in config/dropped_strains_h3nx.txt
          - samples with missing region and country metadata
          - excluding strains prior to 1997
        
Reason: Updated input files: config/dropped_strains_h3nx.txt


        augur filter             --sequences results/sequences_h3nx_na.fasta             --metadata results/metadata_h3nx_na.tsv             --exclude config/dropped_strains_h3nx.txt             --include config/include_strains_h3nx.txt             --output results/filtered_h3nx_na.fasta             --group-by year country host subtype             --sequences-per-group 5             --min-date 1997             --exclude-where host=laboratoryderived host=ferret host=unknown host=other country=? region=?             --min-length 1270             --non-nucleotide
        

[Tue Apr 18 15:25:12 2023]
Job 24: 
        Filtering to
          - 5 sequence(s) per year country host subtype
          - excluding strains in config/dropped_strains_h3nx.txt
          - samples with missing region and country metadata
          - excluding strains prior to 1997
        
Reason: Updated input files: config/dropped_strains_h3nx.txt


        augur filter             --sequences results/sequences_h3nx_pb1.fasta             --metadata results/metadata_h3nx_pb1.tsv             --exclude config/dropped_strains_h3nx.txt             --include config/include_strains_h3nx.txt             --output results/filtered_h3nx_pb1.fasta             --group-by year country host subtype             --sequences-per-group 5             --min-date 1997             --exclude-where host=laboratoryderived host=ferret host=unknown host=other country=? region=?             --min-length 2100             --non-nucleotide
        

[Tue Apr 18 15:25:12 2023]
Job 15: 
        Filtering to
          - 5 sequence(s) per year country host subtype
          - excluding strains in config/dropped_strains_h3nx.txt
          - samples with missing region and country metadata
          - excluding strains prior to 1997
        
Reason: Updated input files: config/dropped_strains_h3nx.txt


        augur filter             --sequences results/sequences_h3nx_pb2.fasta             --metadata results/metadata_h3nx_pb2.tsv             --exclude config/dropped_strains_h3nx.txt             --include config/include_strains_h3nx.txt             --output results/filtered_h3nx_pb2.fasta             --group-by year country host subtype             --sequences-per-group 5             --min-date 1997             --exclude-where host=laboratoryderived host=ferret host=unknown host=other country=? region=?             --min-length 2100             --non-nucleotide
        

[Tue Apr 18 15:25:12 2023]
Job 51: 
        Filtering to
          - 5 sequence(s) per year country host subtype
          - excluding strains in config/dropped_strains_h3nx.txt
          - samples with missing region and country metadata
          - excluding strains prior to 1997
        
Reason: Updated input files: config/dropped_strains_h3nx.txt


        augur filter             --sequences results/sequences_h3nx_pa.fasta             --metadata results/metadata_h3nx_pa.tsv             --exclude config/dropped_strains_h3nx.txt             --include config/include_strains_h3nx.txt             --output results/filtered_h3nx_pa.fasta             --group-by year country host subtype             --sequences-per-group 5             --min-date 1997             --exclude-where host=laboratoryderived host=ferret host=unknown host=other country=? region=?             --min-length 2000             --non-nucleotide
        

[Tue Apr 18 15:25:12 2023]
Job 42: 
        Filtering to
          - 5 sequence(s) per year country host subtype
          - excluding strains in config/dropped_strains_h3nx.txt
          - samples with missing region and country metadata
          - excluding strains prior to 1997
        
Reason: Updated input files: config/dropped_strains_h3nx.txt


        augur filter             --sequences results/sequences_h3nx_np.fasta             --metadata results/metadata_h3nx_np.tsv             --exclude config/dropped_strains_h3nx.txt             --include config/include_strains_h3nx.txt             --output results/filtered_h3nx_np.fasta             --group-by year country host subtype             --sequences-per-group 5             --min-date 1997             --exclude-where host=laboratoryderived host=ferret host=unknown host=other country=? region=?             --min-length 1400             --non-nucleotide
        
[Tue Apr 18 15:25:14 2023]
Finished job 42.
1 of 66 steps (2%) done
Select jobs to execute...

[Tue Apr 18 15:25:14 2023]
Job 69: 
        Filtering to
          - 5 sequence(s) per year country host subtype
          - excluding strains in config/dropped_strains_h3nx.txt
          - samples with missing region and country metadata
          - excluding strains prior to 1997
        
Reason: Updated input files: config/dropped_strains_h3nx.txt


        augur filter             --sequences results/sequences_h3nx_mp.fasta             --metadata results/metadata_h3nx_mp.tsv             --exclude config/dropped_strains_h3nx.txt             --include config/include_strains_h3nx.txt             --output results/filtered_h3nx_mp.fasta             --group-by year country host subtype             --sequences-per-group 5             --min-date 1997             --exclude-where host=laboratoryderived host=ferret host=unknown host=other country=? region=?             --min-length 900             --non-nucleotide
        
[Tue Apr 18 15:25:15 2023]
Finished job 33.
2 of 66 steps (3%) done
Select jobs to execute...

[Tue Apr 18 15:25:15 2023]
Job 60: 
        Filtering to
          - 5 sequence(s) per year country host subtype
          - excluding strains in config/dropped_strains_h3nx.txt
          - samples with missing region and country metadata
          - excluding strains prior to 1997
        
Reason: Updated input files: config/dropped_strains_h3nx.txt


        augur filter             --sequences results/sequences_h3nx_ns.fasta             --metadata results/metadata_h3nx_ns.tsv             --exclude config/dropped_strains_h3nx.txt             --include config/include_strains_h3nx.txt             --output results/filtered_h3nx_ns.fasta             --group-by year country host subtype             --sequences-per-group 5             --min-date 1997             --exclude-where host=laboratoryderived host=ferret host=unknown host=other country=? region=?             --min-length 800             --non-nucleotide
        
[Tue Apr 18 15:25:15 2023]
Finished job 51.
3 of 66 steps (5%) done
Select jobs to execute...

[Tue Apr 18 15:25:15 2023]
Job 50: 
        Aligning sequences to config/references/h3nx_pa.gb
          - filling gaps with N
        
Reason: Input files updated by another job: results/filtered_h3nx_pa.fasta


        augur align             --sequences results/filtered_h3nx_pa.fasta             --reference-sequence config/references/h3nx_pa.gb             --output results/aligned_h3nx_pa.fasta             --remove-reference             --nthreads 1
        
[Tue Apr 18 15:25:15 2023]
Finished job 15.
4 of 66 steps (6%) done
Select jobs to execute...

[Tue Apr 18 15:25:15 2023]
Job 14: 
        Aligning sequences to config/references/h3nx_pb2.gb
          - filling gaps with N
        
Reason: Input files updated by another job: results/filtered_h3nx_pb2.fasta


        augur align             --sequences results/filtered_h3nx_pb2.fasta             --reference-sequence config/references/h3nx_pb2.gb             --output results/aligned_h3nx_pb2.fasta             --remove-reference             --nthreads 1
        
[Tue Apr 18 15:25:15 2023]
Finished job 24.
5 of 66 steps (8%) done
Select jobs to execute...

[Tue Apr 18 15:25:15 2023]
Job 23: 
        Aligning sequences to config/references/h3nx_pb1.gb
          - filling gaps with N
        
Reason: Input files updated by another job: results/filtered_h3nx_pb1.fasta


        augur align             --sequences results/filtered_h3nx_pb1.fasta             --reference-sequence config/references/h3nx_pb1.gb             --output results/aligned_h3nx_pb1.fasta             --remove-reference             --nthreads 1
        
[Tue Apr 18 15:25:15 2023]
Finished job 5.
6 of 66 steps (9%) done
Select jobs to execute...

[Tue Apr 18 15:25:15 2023]
Job 4: 
        Aligning sequences to config/references/h3nx_ha.gb
          - filling gaps with N
        
Reason: Input files updated by another job: results/filtered_h3nx_ha.fasta


        augur align             --sequences results/filtered_h3nx_ha.fasta             --reference-sequence config/references/h3nx_ha.gb             --output results/aligned_h3nx_ha.fasta             --remove-reference             --nthreads 1
        
[Tue Apr 18 15:25:16 2023]
Finished job 60.
7 of 66 steps (11%) done
Select jobs to execute...

[Tue Apr 18 15:25:16 2023]
Job 32: 
        Aligning sequences to config/references/h3nx_na.gb
          - filling gaps with N
        
Reason: Input files updated by another job: results/filtered_h3nx_na.fasta


        augur align             --sequences results/filtered_h3nx_na.fasta             --reference-sequence config/references/h3nx_na.gb             --output results/aligned_h3nx_na.fasta             --remove-reference             --nthreads 1
        
[Tue Apr 18 15:25:16 2023]
Finished job 69.
8 of 66 steps (12%) done
Select jobs to execute...

[Tue Apr 18 15:25:16 2023]
Job 41: 
        Aligning sequences to config/references/h3nx_np.gb
          - filling gaps with N
        
Reason: Input files updated by another job: results/filtered_h3nx_np.fasta


        augur align             --sequences results/filtered_h3nx_np.fasta             --reference-sequence config/references/h3nx_np.gb             --output results/aligned_h3nx_np.fasta             --remove-reference             --nthreads 1
        
[Tue Apr 18 15:29:05 2023]
Finished job 41.
9 of 66 steps (14%) done
Select jobs to execute...

[Tue Apr 18 15:29:05 2023]
Job 40: Building tree
Reason: Input files updated by another job: results/aligned_h3nx_np.fasta


        augur tree             --alignment results/aligned_h3nx_np.fasta             --output results/tree-raw_h3nx_np.nwk             --method iqtree             --nthreads 1
        
[Tue Apr 18 15:29:19 2023]
Finished job 32.
10 of 66 steps (15%) done
Select jobs to execute...

[Tue Apr 18 15:29:19 2023]
Job 31: Building tree
Reason: Input files updated by another job: results/aligned_h3nx_na.fasta


        augur tree             --alignment results/aligned_h3nx_na.fasta             --output results/tree-raw_h3nx_na.nwk             --method iqtree             --nthreads 1
        
[Tue Apr 18 15:29:58 2023]
Finished job 14.
11 of 66 steps (17%) done
Select jobs to execute...

[Tue Apr 18 15:29:58 2023]
Job 13: Building tree
Reason: Input files updated by another job: results/aligned_h3nx_pb2.fasta


        augur tree             --alignment results/aligned_h3nx_pb2.fasta             --output results/tree-raw_h3nx_pb2.nwk             --method iqtree             --nthreads 1
        
[Tue Apr 18 15:30:25 2023]
Finished job 50.
12 of 66 steps (18%) done
Select jobs to execute...

[Tue Apr 18 15:30:25 2023]
Job 49: Building tree
Reason: Input files updated by another job: results/aligned_h3nx_pa.fasta


        augur tree             --alignment results/aligned_h3nx_pa.fasta             --output results/tree-raw_h3nx_pa.nwk             --method iqtree             --nthreads 1
        
[Tue Apr 18 15:30:41 2023]
Finished job 4.
13 of 66 steps (20%) done
Select jobs to execute...

[Tue Apr 18 15:30:41 2023]
Job 10: determining sequences that harbor furin cleavage sites
Reason: Input files updated by another job: results/aligned_h3nx_ha.fasta


        python scripts/annotate-ha-cleavage-site.py             --alignment results/aligned_h3nx_ha.fasta             --furin_site_motif results/cleavage-site_h3nx_ha.json             --cleavage_site_sequence results/cleavage-site-sequences_h3nx_ha.json
        
[Tue Apr 18 15:30:41 2023]
Finished job 23.
14 of 66 steps (21%) done
Select jobs to execute...

[Tue Apr 18 15:30:41 2023]
Job 22: Building tree
Reason: Input files updated by another job: results/aligned_h3nx_pb1.fasta


        augur tree             --alignment results/aligned_h3nx_pb1.fasta             --output results/tree-raw_h3nx_pb1.nwk             --method iqtree             --nthreads 1
        
[Tue Apr 18 15:30:42 2023]
Finished job 10.
15 of 66 steps (23%) done
Select jobs to execute...

[Tue Apr 18 15:30:42 2023]
Job 3: Building tree
Reason: Input files updated by another job: results/aligned_h3nx_ha.fasta


        augur tree             --alignment results/aligned_h3nx_ha.fasta             --output results/tree-raw_h3nx_ha.nwk             --method iqtree             --nthreads 1
        
[Tue Apr 18 15:35:34 2023]
Finished job 40.
16 of 66 steps (24%) done
Select jobs to execute...

[Tue Apr 18 15:35:34 2023]
Job 39: 
        Refining tree
          - estimate timetree
          - use const coalescent timescale
          - estimate marginal node dates
        
Reason: Input files updated by another job: results/aligned_h3nx_np.fasta, results/tree-raw_h3nx_np.nwk


        augur refine             --tree results/tree-raw_h3nx_np.nwk             --alignment results/aligned_h3nx_np.fasta             --metadata results/metadata_h3nx_np.tsv             --output-tree results/tree_h3nx_np.nwk             --output-node-data results/branch-lengths_h3nx_np.json             --timetree             --coalescent const             --date-confidence             --date-inference marginal             --clock-filter-iqd 4
        
[Tue Apr 18 15:38:07 2023]
Finished job 13.
17 of 66 steps (26%) done
Select jobs to execute...

[Tue Apr 18 15:38:07 2023]
Job 12: 
        Refining tree
          - estimate timetree
          - use const coalescent timescale
          - estimate marginal node dates
        
Reason: Input files updated by another job: results/aligned_h3nx_pb2.fasta, results/tree-raw_h3nx_pb2.nwk


        augur refine             --tree results/tree-raw_h3nx_pb2.nwk             --alignment results/aligned_h3nx_pb2.fasta             --metadata results/metadata_h3nx_pb2.tsv             --output-tree results/tree_h3nx_pb2.nwk             --output-node-data results/branch-lengths_h3nx_pb2.json             --timetree             --coalescent const             --date-confidence             --date-inference marginal             --clock-filter-iqd 4
        
[Tue Apr 18 15:38:55 2023]
Finished job 49.
18 of 66 steps (27%) done
Select jobs to execute...

[Tue Apr 18 15:38:55 2023]
Job 48: 
        Refining tree
          - estimate timetree
          - use const coalescent timescale
          - estimate marginal node dates
        
Reason: Input files updated by another job: results/tree-raw_h3nx_pa.nwk, results/aligned_h3nx_pa.fasta


        augur refine             --tree results/tree-raw_h3nx_pa.nwk             --alignment results/aligned_h3nx_pa.fasta             --metadata results/metadata_h3nx_pa.tsv             --output-tree results/tree_h3nx_pa.nwk             --output-node-data results/branch-lengths_h3nx_pa.json             --timetree             --coalescent const             --date-confidence             --date-inference marginal             --clock-filter-iqd 4
        
[Tue Apr 18 15:39:24 2023]
Finished job 31.
19 of 66 steps (29%) done
Select jobs to execute...

[Tue Apr 18 15:39:24 2023]
Job 30: 
        Refining tree
          - estimate timetree
          - use const coalescent timescale
          - estimate marginal node dates
        
Reason: Input files updated by another job: results/tree-raw_h3nx_na.nwk, results/aligned_h3nx_na.fasta


        augur refine             --tree results/tree-raw_h3nx_na.nwk             --alignment results/aligned_h3nx_na.fasta             --metadata results/metadata_h3nx_na.tsv             --output-tree results/tree_h3nx_na.nwk             --output-node-data results/branch-lengths_h3nx_na.json             --timetree             --coalescent const             --date-confidence             --date-inference marginal             --clock-filter-iqd 4
        
[Tue Apr 18 15:39:55 2023]
Finished job 22.
20 of 66 steps (30%) done
Select jobs to execute...

[Tue Apr 18 15:39:55 2023]
Job 21: 
        Refining tree
          - estimate timetree
          - use const coalescent timescale
          - estimate marginal node dates
        
Reason: Input files updated by another job: results/tree-raw_h3nx_pb1.nwk, results/aligned_h3nx_pb1.fasta


        augur refine             --tree results/tree-raw_h3nx_pb1.nwk             --alignment results/aligned_h3nx_pb1.fasta             --metadata results/metadata_h3nx_pb1.tsv             --output-tree results/tree_h3nx_pb1.nwk             --output-node-data results/branch-lengths_h3nx_pb1.json             --timetree             --coalescent const             --date-confidence             --date-inference marginal             --clock-filter-iqd 4
        
[Tue Apr 18 15:40:37 2023]
Finished job 39.
21 of 66 steps (32%) done
Select jobs to execute...

[Tue Apr 18 15:40:37 2023]
Job 45: Reconstructing ancestral sequences and mutations
Reason: Input files updated by another job: results/tree_h3nx_np.nwk, results/aligned_h3nx_np.fasta


        augur ancestral             --tree results/tree_h3nx_np.nwk             --alignment results/aligned_h3nx_np.fasta             --output-node-data results/nt-muts_h3nx_np.json             --inference joint            --keep-ambiguous
        
[Tue Apr 18 15:40:42 2023]
Finished job 45.
22 of 66 steps (33%) done
Select jobs to execute...

[Tue Apr 18 15:40:42 2023]
Job 46: Translating amino acid sequences
Reason: Input files updated by another job: results/nt-muts_h3nx_np.json, results/tree_h3nx_np.nwk


        augur translate             --tree results/tree_h3nx_np.nwk             --ancestral-sequences results/nt-muts_h3nx_np.json             --reference-sequence config/references/h3nx_np.gb             --output results/aa-muts_h3nx_np.json
        
[Tue Apr 18 15:40:43 2023]
Finished job 46.
23 of 66 steps (35%) done
Select jobs to execute...

[Tue Apr 18 15:40:43 2023]
Job 68: 
        Aligning sequences to config/references/h3nx_mp.gb
          - filling gaps with N
        
Reason: Input files updated by another job: results/filtered_h3nx_mp.fasta


        augur align             --sequences results/filtered_h3nx_mp.fasta             --reference-sequence config/references/h3nx_mp.gb             --output results/aligned_h3nx_mp.fasta             --remove-reference             --nthreads 1
        
[Tue Apr 18 15:41:51 2023]
Finished job 12.
24 of 66 steps (36%) done
Select jobs to execute...

[Tue Apr 18 15:41:51 2023]
Job 18: Reconstructing ancestral sequences and mutations
Reason: Input files updated by another job: results/aligned_h3nx_pb2.fasta, results/tree_h3nx_pb2.nwk


        augur ancestral             --tree results/tree_h3nx_pb2.nwk             --alignment results/aligned_h3nx_pb2.fasta             --output-node-data results/nt-muts_h3nx_pb2.json             --inference joint            --keep-ambiguous
        
[Tue Apr 18 15:41:57 2023]
Finished job 18.
25 of 66 steps (38%) done
Select jobs to execute...

[Tue Apr 18 15:41:57 2023]
Job 19: Translating amino acid sequences
Reason: Input files updated by another job: results/tree_h3nx_pb2.nwk, results/nt-muts_h3nx_pb2.json


        augur translate             --tree results/tree_h3nx_pb2.nwk             --ancestral-sequences results/nt-muts_h3nx_pb2.json             --reference-sequence config/references/h3nx_pb2.gb             --output results/aa-muts_h3nx_pb2.json
        
[Tue Apr 18 15:41:59 2023]
Finished job 19.
26 of 66 steps (39%) done
Select jobs to execute...

[Tue Apr 18 15:41:59 2023]
Job 59: 
        Aligning sequences to config/references/h3nx_ns.gb
          - filling gaps with N
        
Reason: Input files updated by another job: results/filtered_h3nx_ns.fasta


        augur align             --sequences results/filtered_h3nx_ns.fasta             --reference-sequence config/references/h3nx_ns.gb             --output results/aligned_h3nx_ns.fasta             --remove-reference             --nthreads 1
        
[Tue Apr 18 15:42:08 2023]
Finished job 3.
27 of 66 steps (41%) done
Select jobs to execute...

[Tue Apr 18 15:42:08 2023]
Job 2: 
        Refining tree
          - estimate timetree
          - use const coalescent timescale
          - estimate marginal node dates
        
Reason: Input files updated by another job: results/aligned_h3nx_ha.fasta, results/tree-raw_h3nx_ha.nwk


        augur refine             --tree results/tree-raw_h3nx_ha.nwk             --alignment results/aligned_h3nx_ha.fasta             --metadata results/metadata_h3nx_ha.tsv             --output-tree results/tree_h3nx_ha.nwk             --output-node-data results/branch-lengths_h3nx_ha.json             --timetree             --coalescent const             --date-confidence             --date-inference marginal             --clock-filter-iqd 4
        
[Tue Apr 18 15:51:51 2023]
Finished job 68.
28 of 66 steps (42%) done
Select jobs to execute...

[Tue Apr 18 15:51:51 2023]
Job 67: Building tree
Reason: Input files updated by another job: results/aligned_h3nx_mp.fasta


        augur tree             --alignment results/aligned_h3nx_mp.fasta             --output results/tree-raw_h3nx_mp.nwk             --method iqtree             --nthreads 1
        
[Tue Apr 18 15:52:21 2023]
Finished job 48.
29 of 66 steps (44%) done
Select jobs to execute...

[Tue Apr 18 15:52:21 2023]
Job 54: Reconstructing ancestral sequences and mutations
Reason: Input files updated by another job: results/tree_h3nx_pa.nwk, results/aligned_h3nx_pa.fasta


        augur ancestral             --tree results/tree_h3nx_pa.nwk             --alignment results/aligned_h3nx_pa.fasta             --output-node-data results/nt-muts_h3nx_pa.json             --inference joint            --keep-ambiguous
        
[Tue Apr 18 15:52:28 2023]
Finished job 54.
30 of 66 steps (45%) done
Select jobs to execute...

[Tue Apr 18 15:52:28 2023]
Job 55: Translating amino acid sequences
Reason: Input files updated by another job: results/nt-muts_h3nx_pa.json, results/tree_h3nx_pa.nwk


        augur translate             --tree results/tree_h3nx_pa.nwk             --ancestral-sequences results/nt-muts_h3nx_pa.json             --reference-sequence config/references/h3nx_pa.gb             --output results/aa-muts_h3nx_pa.json
        
[Tue Apr 18 15:52:30 2023]
Finished job 55.
31 of 66 steps (47%) done
Select jobs to execute...

[Tue Apr 18 15:52:30 2023]
Job 53: Inferring ancestral traits for host country
Reason: Input files updated by another job: results/tree_h3nx_pa.nwk


        augur traits             --tree results/tree_h3nx_pa.nwk             --metadata results/metadata_h3nx_pa.tsv             --output results/traits_h3nx_pa.json             --columns host country             --confidence
        
[Tue Apr 18 15:52:41 2023]
Finished job 30.
32 of 66 steps (48%) done
Select jobs to execute...

[Tue Apr 18 15:52:41 2023]
Job 36: Reconstructing ancestral sequences and mutations
Reason: Input files updated by another job: results/tree_h3nx_na.nwk, results/aligned_h3nx_na.fasta


        augur ancestral             --tree results/tree_h3nx_na.nwk             --alignment results/aligned_h3nx_na.fasta             --output-node-data results/nt-muts_h3nx_na.json             --inference joint            --keep-ambiguous
        
[Tue Apr 18 15:52:44 2023]
Finished job 59.
33 of 66 steps (50%) done
Select jobs to execute...

[Tue Apr 18 15:52:44 2023]
Job 58: Building tree
Reason: Input files updated by another job: results/aligned_h3nx_ns.fasta


        augur tree             --alignment results/aligned_h3nx_ns.fasta             --output results/tree-raw_h3nx_ns.nwk             --method iqtree             --nthreads 1
        
[Tue Apr 18 15:52:45 2023]
Finished job 21.
34 of 66 steps (52%) done
Select jobs to execute...

[Tue Apr 18 15:52:45 2023]
Job 27: Reconstructing ancestral sequences and mutations
Reason: Input files updated by another job: results/tree_h3nx_pb1.nwk, results/aligned_h3nx_pb1.fasta


        augur ancestral             --tree results/tree_h3nx_pb1.nwk             --alignment results/aligned_h3nx_pb1.fasta             --output-node-data results/nt-muts_h3nx_pb1.json             --inference joint            --keep-ambiguous
        
[Tue Apr 18 15:52:47 2023]
Finished job 36.
35 of 66 steps (53%) done
Select jobs to execute...

[Tue Apr 18 15:52:47 2023]
Job 37: Translating amino acid sequences
Reason: Input files updated by another job: results/tree_h3nx_na.nwk, results/nt-muts_h3nx_na.json


        augur translate             --tree results/tree_h3nx_na.nwk             --ancestral-sequences results/nt-muts_h3nx_na.json             --reference-sequence config/references/h3nx_na.gb             --output results/aa-muts_h3nx_na.json
        
[Tue Apr 18 15:52:49 2023]
Finished job 53.
36 of 66 steps (55%) done
Select jobs to execute...

[Tue Apr 18 15:52:49 2023]
Job 47: Exporting data files for for auspice
Reason: Input files updated by another job: results/branch-lengths_h3nx_pa.json, results/aa-muts_h3nx_pa.json, results/tree_h3nx_pa.nwk, results/nt-muts_h3nx_pa.json, results/traits_h3nx_pa.json


        augur export v2             --tree results/tree_h3nx_pa.nwk             --metadata results/metadata_h3nx_pa.tsv             --node-data results/branch-lengths_h3nx_pa.json results/traits_h3nx_pa.json results/nt-muts_h3nx_pa.json results/aa-muts_h3nx_pa.json            --auspice-config config/auspice_config_h3nx.json             --include-root-sequence             --output auspice/nonhuman_influenza_h3nx_pa.json
        
[Tue Apr 18 15:52:49 2023]
Finished job 37.
37 of 66 steps (56%) done
Select jobs to execute...

[Tue Apr 18 15:52:49 2023]
Job 35: Inferring ancestral traits for host country
Reason: Input files updated by another job: results/tree_h3nx_na.nwk


        augur traits             --tree results/tree_h3nx_na.nwk             --metadata results/metadata_h3nx_na.tsv             --output results/traits_h3nx_na.json             --columns host country             --confidence
        
[Tue Apr 18 15:52:52 2023]
Finished job 27.
38 of 66 steps (58%) done
Select jobs to execute...

[Tue Apr 18 15:52:52 2023]
Job 28: Translating amino acid sequences
Reason: Input files updated by another job: results/nt-muts_h3nx_pb1.json, results/tree_h3nx_pb1.nwk


        augur translate             --tree results/tree_h3nx_pb1.nwk             --ancestral-sequences results/nt-muts_h3nx_pb1.json             --reference-sequence config/references/h3nx_pb1.gb             --output results/aa-muts_h3nx_pb1.json
        
[Tue Apr 18 15:52:54 2023]
Finished job 28.
39 of 66 steps (59%) done
Select jobs to execute...

[Tue Apr 18 15:52:54 2023]
Job 44: Inferring ancestral traits for host country
Reason: Input files updated by another job: results/tree_h3nx_np.nwk


        augur traits             --tree results/tree_h3nx_np.nwk             --metadata results/metadata_h3nx_np.tsv             --output results/traits_h3nx_np.json             --columns host country             --confidence
        
[Tue Apr 18 15:52:54 2023]
Finished job 47.
40 of 66 steps (61%) done
Select jobs to execute...

[Tue Apr 18 15:52:54 2023]
Job 26: Inferring ancestral traits for host country
Reason: Input files updated by another job: results/tree_h3nx_pb1.nwk


        augur traits             --tree results/tree_h3nx_pb1.nwk             --metadata results/metadata_h3nx_pb1.tsv             --output results/traits_h3nx_pb1.json             --columns host country             --confidence
        
[Tue Apr 18 15:53:15 2023]
Finished job 26.
41 of 66 steps (62%) done
Select jobs to execute...

[Tue Apr 18 15:53:15 2023]
Job 20: Exporting data files for for auspice
Reason: Input files updated by another job: results/branch-lengths_h3nx_pb1.json, results/nt-muts_h3nx_pb1.json, results/traits_h3nx_pb1.json, results/aa-muts_h3nx_pb1.json, results/tree_h3nx_pb1.nwk


        augur export v2             --tree results/tree_h3nx_pb1.nwk             --metadata results/metadata_h3nx_pb1.tsv             --node-data results/branch-lengths_h3nx_pb1.json results/traits_h3nx_pb1.json results/nt-muts_h3nx_pb1.json results/aa-muts_h3nx_pb1.json            --auspice-config config/auspice_config_h3nx.json             --include-root-sequence             --output auspice/nonhuman_influenza_h3nx_pb1.json
        
[Tue Apr 18 15:53:20 2023]
Finished job 44.
42 of 66 steps (64%) done
Select jobs to execute...

[Tue Apr 18 15:53:20 2023]
Job 38: Exporting data files for for auspice
Reason: Input files updated by another job: results/nt-muts_h3nx_np.json, results/branch-lengths_h3nx_np.json, results/tree_h3nx_np.nwk, results/aa-muts_h3nx_np.json, results/traits_h3nx_np.json


        augur export v2             --tree results/tree_h3nx_np.nwk             --metadata results/metadata_h3nx_np.tsv             --node-data results/branch-lengths_h3nx_np.json results/traits_h3nx_np.json results/nt-muts_h3nx_np.json results/aa-muts_h3nx_np.json            --auspice-config config/auspice_config_h3nx.json             --include-root-sequence             --output auspice/nonhuman_influenza_h3nx_np.json
        
[Tue Apr 18 15:53:20 2023]
Finished job 20.
43 of 66 steps (65%) done
Select jobs to execute...

[Tue Apr 18 15:53:20 2023]
Job 17: Inferring ancestral traits for host country
Reason: Input files updated by another job: results/tree_h3nx_pb2.nwk


        augur traits             --tree results/tree_h3nx_pb2.nwk             --metadata results/metadata_h3nx_pb2.tsv             --output results/traits_h3nx_pb2.json             --columns host country             --confidence
        
[Tue Apr 18 15:53:24 2023]
Finished job 38.
44 of 66 steps (67%) done
[Tue Apr 18 15:53:29 2023]
Finished job 35.
45 of 66 steps (68%) done
Select jobs to execute...

[Tue Apr 18 15:53:29 2023]
Job 29: Exporting data files for for auspice
Reason: Input files updated by another job: results/tree_h3nx_na.nwk, results/aa-muts_h3nx_na.json, results/branch-lengths_h3nx_na.json, results/traits_h3nx_na.json, results/nt-muts_h3nx_na.json


        augur export v2             --tree results/tree_h3nx_na.nwk             --metadata results/metadata_h3nx_na.tsv             --node-data results/branch-lengths_h3nx_na.json results/traits_h3nx_na.json results/nt-muts_h3nx_na.json results/aa-muts_h3nx_na.json            --auspice-config config/auspice_config_h3nx.json             --include-root-sequence             --output auspice/nonhuman_influenza_h3nx_na.json
        
[Tue Apr 18 15:53:34 2023]
Finished job 29.
46 of 66 steps (70%) done
[Tue Apr 18 15:53:36 2023]
Finished job 17.
47 of 66 steps (71%) done
Select jobs to execute...

[Tue Apr 18 15:53:36 2023]
Job 11: Exporting data files for for auspice
Reason: Input files updated by another job: results/tree_h3nx_pb2.nwk, results/nt-muts_h3nx_pb2.json, results/aa-muts_h3nx_pb2.json, results/traits_h3nx_pb2.json, results/branch-lengths_h3nx_pb2.json


        augur export v2             --tree results/tree_h3nx_pb2.nwk             --metadata results/metadata_h3nx_pb2.tsv             --node-data results/branch-lengths_h3nx_pb2.json results/traits_h3nx_pb2.json results/nt-muts_h3nx_pb2.json results/aa-muts_h3nx_pb2.json            --auspice-config config/auspice_config_h3nx.json             --include-root-sequence             --output auspice/nonhuman_influenza_h3nx_pb2.json
        
[Tue Apr 18 15:53:41 2023]
Finished job 11.
48 of 66 steps (73%) done
[Tue Apr 18 15:55:50 2023]
Finished job 2.
49 of 66 steps (74%) done
Select jobs to execute...

[Tue Apr 18 15:55:50 2023]
Job 7: Inferring ancestral traits for host country
Reason: Input files updated by another job: results/tree_h3nx_ha.nwk


        augur traits             --tree results/tree_h3nx_ha.nwk             --metadata results/metadata_h3nx_ha.tsv             --output results/traits_h3nx_ha.json             --columns host country             --confidence
        

[Tue Apr 18 15:55:50 2023]
Job 8: Reconstructing ancestral sequences and mutations
Reason: Input files updated by another job: results/aligned_h3nx_ha.fasta, results/tree_h3nx_ha.nwk


        augur ancestral             --tree results/tree_h3nx_ha.nwk             --alignment results/aligned_h3nx_ha.fasta             --output-node-data results/nt-muts_h3nx_ha.json             --inference joint            --keep-ambiguous
        
[Tue Apr 18 15:55:58 2023]
Finished job 8.
50 of 66 steps (76%) done
Select jobs to execute...

[Tue Apr 18 15:55:58 2023]
Job 9: Translating amino acid sequences
Reason: Input files updated by another job: results/nt-muts_h3nx_ha.json, results/tree_h3nx_ha.nwk


        augur translate             --tree results/tree_h3nx_ha.nwk             --ancestral-sequences results/nt-muts_h3nx_ha.json             --reference-sequence config/references/h3nx_ha.gb             --output results/aa-muts_h3nx_ha.json
        
[Tue Apr 18 15:55:59 2023]
Finished job 9.
51 of 66 steps (77%) done
[Tue Apr 18 15:56:18 2023]
Finished job 7.
52 of 66 steps (79%) done
Select jobs to execute...

[Tue Apr 18 15:56:18 2023]
Job 1: Exporting data files for for auspice
Reason: Input files updated by another job: results/aa-muts_h3nx_ha.json, results/nt-muts_h3nx_ha.json, results/traits_h3nx_ha.json, results/cleavage-site-sequences_h3nx_ha.json, results/tree_h3nx_ha.nwk, results/cleavage-site_h3nx_ha.json, results/branch-lengths_h3nx_ha.json


        augur export v2             --tree results/tree_h3nx_ha.nwk             --metadata results/metadata_h3nx_ha.tsv             --node-data results/branch-lengths_h3nx_ha.json results/traits_h3nx_ha.json results/nt-muts_h3nx_ha.json results/aa-muts_h3nx_ha.json results/cleavage-site_h3nx_ha.json results/cleavage-site-sequences_h3nx_ha.json            --auspice-config config/auspice_config_h3nx.json             --include-root-sequence             --output auspice/nonhuman_influenza_h3nx_ha.json
        
[Tue Apr 18 15:56:24 2023]
Finished job 1.
53 of 66 steps (80%) done
[Tue Apr 18 15:56:47 2023]
Finished job 67.
54 of 66 steps (82%) done
Select jobs to execute...

[Tue Apr 18 15:56:47 2023]
Job 66: 
        Refining tree
          - estimate timetree
          - use const coalescent timescale
          - estimate marginal node dates
        
Reason: Input files updated by another job: results/tree-raw_h3nx_mp.nwk, results/aligned_h3nx_mp.fasta


        augur refine             --tree results/tree-raw_h3nx_mp.nwk             --alignment results/aligned_h3nx_mp.fasta             --metadata results/metadata_h3nx_mp.tsv             --output-tree results/tree_h3nx_mp.nwk             --output-node-data results/branch-lengths_h3nx_mp.json             --timetree             --coalescent const             --date-confidence             --date-inference marginal             --clock-filter-iqd 4
        
[Tue Apr 18 15:57:55 2023]
Finished job 58.
55 of 66 steps (83%) done
Select jobs to execute...

[Tue Apr 18 15:57:55 2023]
Job 57: 
        Refining tree
          - estimate timetree
          - use const coalescent timescale
          - estimate marginal node dates
        
Reason: Input files updated by another job: results/aligned_h3nx_ns.fasta, results/tree-raw_h3nx_ns.nwk


        augur refine             --tree results/tree-raw_h3nx_ns.nwk             --alignment results/aligned_h3nx_ns.fasta             --metadata results/metadata_h3nx_ns.tsv             --output-tree results/tree_h3nx_ns.nwk             --output-node-data results/branch-lengths_h3nx_ns.json             --timetree             --coalescent const             --date-confidence             --date-inference marginal             --clock-filter-iqd 4
        
[Tue Apr 18 16:01:26 2023]
Finished job 66.
56 of 66 steps (85%) done
Select jobs to execute...

[Tue Apr 18 16:01:26 2023]
Job 71: Inferring ancestral traits for host country
Reason: Input files updated by another job: results/tree_h3nx_mp.nwk


        augur traits             --tree results/tree_h3nx_mp.nwk             --metadata results/metadata_h3nx_mp.tsv             --output results/traits_h3nx_mp.json             --columns host country             --confidence
        

[Tue Apr 18 16:01:26 2023]
Job 72: Reconstructing ancestral sequences and mutations
Reason: Input files updated by another job: results/tree_h3nx_mp.nwk, results/aligned_h3nx_mp.fasta


        augur ancestral             --tree results/tree_h3nx_mp.nwk             --alignment results/aligned_h3nx_mp.fasta             --output-node-data results/nt-muts_h3nx_mp.json             --inference joint            --keep-ambiguous
        
[Tue Apr 18 16:01:30 2023]
Finished job 72.
57 of 66 steps (86%) done
Select jobs to execute...

[Tue Apr 18 16:01:30 2023]
Job 73: Translating amino acid sequences
Reason: Input files updated by another job: results/tree_h3nx_mp.nwk, results/nt-muts_h3nx_mp.json


        augur translate             --tree results/tree_h3nx_mp.nwk             --ancestral-sequences results/nt-muts_h3nx_mp.json             --reference-sequence config/references/h3nx_mp.gb             --output results/aa-muts_h3nx_mp.json
        
[Tue Apr 18 16:01:31 2023]
Finished job 73.
58 of 66 steps (88%) done
[Tue Apr 18 16:01:56 2023]
Finished job 57.
59 of 66 steps (89%) done
Select jobs to execute...

[Tue Apr 18 16:01:56 2023]
Job 62: Inferring ancestral traits for host country
Reason: Input files updated by another job: results/tree_h3nx_ns.nwk


        augur traits             --tree results/tree_h3nx_ns.nwk             --metadata results/metadata_h3nx_ns.tsv             --output results/traits_h3nx_ns.json             --columns host country             --confidence
        

[Tue Apr 18 16:01:56 2023]
Job 63: Reconstructing ancestral sequences and mutations
Reason: Input files updated by another job: results/tree_h3nx_ns.nwk, results/aligned_h3nx_ns.fasta


        augur ancestral             --tree results/tree_h3nx_ns.nwk             --alignment results/aligned_h3nx_ns.fasta             --output-node-data results/nt-muts_h3nx_ns.json             --inference joint            --keep-ambiguous
        
[Tue Apr 18 16:01:56 2023]
Finished job 71.
60 of 66 steps (91%) done
Select jobs to execute...

[Tue Apr 18 16:01:56 2023]
Job 65: Exporting data files for for auspice
Reason: Input files updated by another job: results/traits_h3nx_mp.json, results/branch-lengths_h3nx_mp.json, results/nt-muts_h3nx_mp.json, results/aa-muts_h3nx_mp.json, results/tree_h3nx_mp.nwk


        augur export v2             --tree results/tree_h3nx_mp.nwk             --metadata results/metadata_h3nx_mp.tsv             --node-data results/branch-lengths_h3nx_mp.json results/traits_h3nx_mp.json results/nt-muts_h3nx_mp.json results/aa-muts_h3nx_mp.json            --auspice-config config/auspice_config_h3nx.json             --include-root-sequence             --output auspice/nonhuman_influenza_h3nx_mp.json
        
[Tue Apr 18 16:02:00 2023]
Finished job 63.
61 of 66 steps (92%) done
Select jobs to execute...

[Tue Apr 18 16:02:00 2023]
Job 64: Translating amino acid sequences
Reason: Input files updated by another job: results/tree_h3nx_ns.nwk, results/nt-muts_h3nx_ns.json


        augur translate             --tree results/tree_h3nx_ns.nwk             --ancestral-sequences results/nt-muts_h3nx_ns.json             --reference-sequence config/references/h3nx_ns.gb             --output results/aa-muts_h3nx_ns.json
        
[Tue Apr 18 16:02:01 2023]
Finished job 65.
62 of 66 steps (94%) done
[Tue Apr 18 16:02:01 2023]
Finished job 64.
63 of 66 steps (95%) done
[Tue Apr 18 16:02:16 2023]
Finished job 62.
64 of 66 steps (97%) done
Select jobs to execute...

[Tue Apr 18 16:02:16 2023]
Job 56: Exporting data files for for auspice
Reason: Input files updated by another job: results/branch-lengths_h3nx_ns.json, results/nt-muts_h3nx_ns.json, results/tree_h3nx_ns.nwk, results/aa-muts_h3nx_ns.json, results/traits_h3nx_ns.json


        augur export v2             --tree results/tree_h3nx_ns.nwk             --metadata results/metadata_h3nx_ns.tsv             --node-data results/branch-lengths_h3nx_ns.json results/traits_h3nx_ns.json results/nt-muts_h3nx_ns.json results/aa-muts_h3nx_ns.json            --auspice-config config/auspice_config_h3nx.json             --include-root-sequence             --output auspice/nonhuman_influenza_h3nx_ns.json
        
[Tue Apr 18 16:02:21 2023]
Finished job 56.
65 of 66 steps (98%) done
Select jobs to execute...

[Tue Apr 18 16:02:21 2023]
localrule all:
    input: auspice/nonhuman_influenza_h3nx_ha.json, auspice/nonhuman_influenza_h3nx_pb2.json, auspice/nonhuman_influenza_h3nx_pb1.json, auspice/nonhuman_influenza_h3nx_na.json, auspice/nonhuman_influenza_h3nx_np.json, auspice/nonhuman_influenza_h3nx_pa.json, auspice/nonhuman_influenza_h3nx_ns.json, auspice/nonhuman_influenza_h3nx_mp.json
    jobid: 0
    reason: Input files updated by another job: auspice/nonhuman_influenza_h3nx_ns.json, auspice/nonhuman_influenza_h3nx_pa.json, auspice/nonhuman_influenza_h3nx_na.json, auspice/nonhuman_influenza_h3nx_mp.json, auspice/nonhuman_influenza_h3nx_pb1.json, auspice/nonhuman_influenza_h3nx_np.json, auspice/nonhuman_influenza_h3nx_pb2.json, auspice/nonhuman_influenza_h3nx_ha.json
    resources: tmpdir=/tmp

[Tue Apr 18 16:02:21 2023]
Finished job 0.
66 of 66 steps (100%) done
Complete log: .snakemake/log/2023-04-18T152512.117928.snakemake.log
